<?xml version="1.0" encoding="UTF-8"?>
<!-- Generated by org.testng.reporters.JUnitReportReporter -->
<testsuite hostname="LAPTOP-2V9L1SIG" failures="0" tests="1" name="Selenium.testerSwitch.AppTest" time="31.871" errors="0" timestamp="2024-02-06T18:16:48 IST" skipped="0">
  <testcase classname="Selenium.testerSwitch.AppTest" name="Launch" time="31.871"/>
  <system-out/>
</testsuite> <!-- Selenium.testerSwitch.AppTest -->
